<?xml version="1.0" encoding="UTF-8"?>
<testng-results ignored="0" total="1" passed="1" failed="0" skipped="0">
  <reporter-output>
  </reporter-output>
  <suite started-at="2025-03-08T15:28:55 IST" name="Default suite" finished-at="2025-03-08T15:29:16 IST" duration-ms="21361">
    <groups>
      <group name="cucumber">
        <method signature="AbstractTestNGCucumberTests.runScenario(io.cucumber.testng.PickleWrapper,io.cucumber.testng.FeatureWrapper)[pri:0, instance:runners.RediffRunnerTestCase@568ff82]" name="runScenario" class="io.cucumber.testng.AbstractTestNGCucumberTests"/>
      </group> <!-- cucumber -->
    </groups>
    <test started-at="2025-03-08T15:28:55 IST" name="Default test" finished-at="2025-03-08T15:29:16 IST" duration-ms="21361">
      <class name="runners.RediffRunnerTestCase">
        <test-method is-config="true" signature="setUpClass(org.testng.ITestContext)[pri:0, instance:runners.RediffRunnerTestCase@568ff82]" started-at="2025-03-08T15:28:55 IST" name="setUpClass" finished-at="2025-03-08T15:28:55 IST" duration-ms="327" status="PASS">
          <params>
            <param index="0">
              <value>
                <![CDATA[org.testng.TestRunner@26a2f7f9]]>
              </value>
            </param>
          </params>
          <reporter-output>
          </reporter-output>
        </test-method> <!-- setUpClass -->
        <test-method signature="runScenario(io.cucumber.testng.PickleWrapper,io.cucumber.testng.FeatureWrapper)[pri:0, instance:runners.RediffRunnerTestCase@568ff82]" started-at="2025-03-08T15:28:55 IST" name="runScenario" description="Runs Cucumber Scenarios" data-provider="scenarios" finished-at="2025-03-08T15:29:16 IST" duration-ms="20956" status="PASS">
          <params>
            <param index="0">
              <value>
                <![CDATA["have to create Rediff account"]]>
              </value>
            </param>
            <param index="1">
              <value>
                <![CDATA["Rediff account creation"]]>
              </value>
            </param>
          </params>
          <reporter-output>
          </reporter-output>
        </test-method> <!-- runScenario -->
        <test-method is-config="true" signature="tearDownClass()[pri:0, instance:runners.RediffRunnerTestCase@568ff82]" started-at="2025-03-08T15:29:16 IST" name="tearDownClass" finished-at="2025-03-08T15:29:16 IST" duration-ms="6" status="PASS">
          <reporter-output>
          </reporter-output>
        </test-method> <!-- tearDownClass -->
      </class> <!-- runners.RediffRunnerTestCase -->
    </test> <!-- Default test -->
  </suite> <!-- Default suite -->
</testng-results>
